test
test
test
test
test
hello
test success
test
hello
test success
test
hello
test success
test
hello
test success
test
Error: Call to a member function POOP() on null in /Users/ben/repos/skeletal/src/Skeletal.php:41
Stack trace:
#0 /Users/ben/repos/skeletal/src/Skeletal.php(13): Skeletal->bootstrap()
#1 /Users/ben/repos/skeletal/test(7): Skeletal->__construct()
#2 {main}
Error: Call to a member function POOP() on null in /Users/ben/repos/skeletal/src/Skeletal.php:41
Stack trace:
#0 /Users/ben/repos/skeletal/src/Skeletal.php(13): Skeletal->bootstrap()
#1 /Users/ben/repos/skeletal/test(7): Skeletal->__construct()
#2 {main}
Error: Call to a member function POOP() on null in /Users/ben/repos/skeletal/src/Skeletal.php:41
Stack trace:
#0 /Users/ben/repos/skeletal/src/Skeletal.php(13): Skeletal->bootstrap()
#1 /Users/ben/repos/skeletal/test(7): Skeletal->__construct()
#2 {main}
Error: Call to a member function POOP() on null in /Users/ben/repos/skeletal/src/Skeletal.php:41
Stack trace:
#0 /Users/ben/repos/skeletal/src/Skeletal.php(13): Skeletal->bootstrap()
#1 /Users/ben/repos/skeletal/test(7): Skeletal->__construct()
#2 {main}
Error: Call to a member function POOP() on null in /Users/ben/repos/skeletal/src/Skeletal.php:41
Stack trace:
#0 /Users/ben/repos/skeletal/src/Skeletal.php(13): Skeletal->bootstrap()
#1 /Users/ben/repos/skeletal/test(7): Skeletal->__construct()
#2 {main}
ErrorException: Undefined variable $POOP in /Users/ben/repos/skeletal/src/Skeletal.php:42
Stack trace:
#0 /Users/ben/repos/skeletal/src/Skeletal.php(42): Skeletal\Exceptions\Handler::reportError(2, 'Undefined varia...', '/Users/ben/repo...', 42)
#1 /Users/ben/repos/skeletal/src/Skeletal.php(13): Skeletal->bootstrap()
#2 /Users/ben/repos/skeletal/test(7): Skeletal->__construct()
#3 {main}
2
Error: Call to a member function POOP() on null in /Users/ben/repos/skeletal/src/Skeletal.php:42
Stack trace:
#0 /Users/ben/repos/skeletal/src/Skeletal.php(13): Skeletal->bootstrap()
#1 /Users/ben/repos/skeletal/test(7): Skeletal->__construct()
#2 {main}
2
Error: Call to a member function POOP() on null in /Users/ben/repos/skeletal/src/Skeletal.php:42
Stack trace:
#0 /Users/ben/repos/skeletal/src/Skeletal.php(13): Skeletal->bootstrap()
#1 /Users/ben/repos/skeletal/test(7): Skeletal->__construct()
#2 {main}
TypeError: Skeletal\Support\Log::debug(): Argument #1 ($log) must be of type string, array given, called in /Users/ben/repos/skeletal/src/framework/Exceptions/Handler.php on line 22 and defined in /Users/ben/repos/skeletal/src/framework/Support/Log.php:7
Stack trace:
#0 /Users/ben/repos/skeletal/src/framework/Exceptions/Handler.php(22): Skeletal\Support\Log::debug(Array)
#1 /Users/ben/repos/skeletal/src/Skeletal.php(42): Skeletal\Exceptions\Handler::reportError(2, 'Undefined varia...', '/Users/ben/repo...', 42)
#2 /Users/ben/repos/skeletal/src/Skeletal.php(13): Skeletal->bootstrap()
#3 /Users/ben/repos/skeletal/test(7): Skeletal->__construct()
#4 {main}
TypeError: Skeletal\Support\Log::debug(): Argument #1 ($log) must be of type string, array given, called in /Users/ben/repos/skeletal/src/framework/Exceptions/Handler.php on line 22 and defined in /Users/ben/repos/skeletal/src/framework/Support/Log.php:7
Stack trace:
#0 /Users/ben/repos/skeletal/src/framework/Exceptions/Handler.php(22): Skeletal\Support\Log::debug(Array)
#1 /Users/ben/repos/skeletal/src/Skeletal.php(42): Skeletal\Exceptions\Handler::reportError(2, 'Undefined varia...', '/Users/ben/repo...', 42)
#2 /Users/ben/repos/skeletal/src/Skeletal.php(13): Skeletal->bootstrap()
#3 /Users/ben/repos/skeletal/test(7): Skeletal->__construct()
#4 {main}
TypeError: Skeletal\Support\Log::debug(): Argument #1 ($log) must be of type string, array given, called in /Users/ben/repos/skeletal/src/framework/Exceptions/Handler.php on line 22 and defined in /Users/ben/repos/skeletal/src/framework/Support/Log.php:7
Stack trace:
#0 /Users/ben/repos/skeletal/src/framework/Exceptions/Handler.php(22): Skeletal\Support\Log::debug(Array)
#1 /Users/ben/repos/skeletal/src/Skeletal.php(42): Skeletal\Exceptions\Handler::reportError(2, 'Undefined varia...', '/Users/ben/repo...', 42)
#2 /Users/ben/repos/skeletal/src/Skeletal.php(13): Skeletal->bootstrap()
#3 /Users/ben/repos/skeletal/test(7): Skeletal->__construct()
#4 {main}
ErrorException: Undefined variable $POOP in /Users/ben/repos/skeletal/src/Skeletal.php:42
Stack trace:
#0 /Users/ben/repos/skeletal/src/Skeletal.php(42): Skeletal\Exceptions\Handler::reportError(2, 'Undefined varia...', '/Users/ben/repo...', 42)
#1 /Users/ben/repos/skeletal/src/Skeletal.php(13): Skeletal->bootstrap()
#2 /Users/ben/repos/skeletal/test(7): Skeletal->__construct()
#3 {main}
ErrorException: Undefined variable $POOP in /Users/ben/repos/skeletal/src/Skeletal.php:42
Stack trace:
#0 /Users/ben/repos/skeletal/src/Skeletal.php(42): Skeletal\Exceptions\Handler::reportError(2, 'Undefined varia...', '/Users/ben/repo...', 42)
#1 /Users/ben/repos/skeletal/src/Skeletal.php(13): Skeletal->bootstrap()
#2 /Users/ben/repos/skeletal/test(7): Skeletal->__construct()
#3 {main}
Error: Call to a member function POOP() on string in /Users/ben/repos/skeletal/src/Skeletal.php:44
Stack trace:
#0 /Users/ben/repos/skeletal/src/Skeletal.php(13): Skeletal->bootstrap()
#1 /Users/ben/repos/skeletal/test(7): Skeletal->__construct()
#2 {main}
test
hello
test success
test
hello
test success
test
hello
test success
test
hello
test success
test
hello
hello
hello
hello
hello
hello
hello
hello
hello
hello
Error: Using $this when not in object context in /Users/ben/repos/skeletal/src/framework/Http/Request.php:9
Stack trace:
#0 /Users/ben/repos/skeletal/test(9): Skeletal\Http\Request::getInfo()
#1 {main}
Error: Using $this when not in object context in /Users/ben/repos/skeletal/src/framework/Http/Request.php:9
Stack trace:
#0 /Users/ben/repos/skeletal/test(9): Skeletal\Http\Request::getInfo()
#1 {main}
hello
hello
hello
hello
Error: Call to protected method Skeletal\Http\Request::getInfo() from global scope in /Users/ben/repos/skeletal/test:9
Stack trace:
#0 {main}
Error: Call to protected method Skeletal\Http\Request::getInfo() from global scope in /Users/ben/repos/skeletal/test:9
Stack trace:
#0 {main}
hello
hello
hello
hello
hello
hello
Error: Call to undefined method Skeletal::handleRequest() in /Users/ben/repos/skeletal/test:10
Stack trace:
#0 {main}
hello
hello
hello
hello
hello
hello
hello
hello
hello
hello
hello
hello
test success
test success
Error: Using $this when not in object context in /Users/ben/repos/skeletal/test:9
Stack trace:
#0 /Users/ben/repos/skeletal/src/Skeletal.php(32): {closure}()
#1 /Users/ben/repos/skeletal/test(10): Skeletal->handleRequest(Object(Closure))
#2 {main}
test success
Exception: "request" not defined on the Skeletal instance in /Users/ben/repos/skeletal/src/Skeletal.php:37
Stack trace:
#0 /Users/ben/repos/skeletal/src/Skeletal.php(29): Skeletal->resolve('request')
#1 /Users/ben/repos/skeletal/test(9): Skeletal->handleRequest(Object(Closure))
#2 {main}
ErrorException: Undefined array key "request" in /Users/ben/repos/skeletal/src/Skeletal.php:40
Stack trace:
#0 /Users/ben/repos/skeletal/src/Skeletal.php(40): Skeletal\Exceptions\Handler::reportError(2, 'Undefined array...', '/Users/ben/repo...', 40)
#1 /Users/ben/repos/skeletal/src/Skeletal.php(29): Skeletal->resolve('request')
#2 /Users/ben/repos/skeletal/test(9): Skeletal->handleRequest(Object(Closure))
#3 {main}
TypeError: array_key_exists(): Argument #2 ($array) must be of type array, string given in /Users/ben/repos/skeletal/src/Skeletal.php:49
Stack trace:
#0 /Users/ben/repos/skeletal/src/Skeletal.php(40): Skeletal->make('request')
#1 /Users/ben/repos/skeletal/src/Skeletal.php(29): Skeletal->resolve('request')
#2 /Users/ben/repos/skeletal/test(9): Skeletal->handleRequest(Object(Closure))
#3 {main}
TypeError: array_key_exists(): Argument #2 ($array) must be of type array, string given in /Users/ben/repos/skeletal/src/Skeletal.php:49
Stack trace:
#0 /Users/ben/repos/skeletal/src/Skeletal.php(40): Skeletal->make('request')
#1 /Users/ben/repos/skeletal/src/Skeletal.php(29): Skeletal->resolve('request')
#2 /Users/ben/repos/skeletal/test(9): Skeletal->handleRequest(Object(Closure))
#3 {main}
ErrorException: Undefined property: Skeletal::$request in /Users/ben/repos/skeletal/src/Skeletal.php:21
Stack trace:
#0 /Users/ben/repos/skeletal/src/Skeletal.php(21): Skeletal\Exceptions\Handler::reportError(2, 'Undefined prope...', '/Users/ben/repo...', 21)
#1 /Users/ben/repos/skeletal/test(8): Skeletal->getCurrentRequest()
#2 /Users/ben/repos/skeletal/src/Skeletal.php(31): Closure->{closure}()
#3 /Users/ben/repos/skeletal/test(9): Skeletal->handleRequest(Object(Closure))
#4 {main}
test success
ErrorException: "poo" not defined on the Skeletal instance in /Users/ben/repos/skeletal/src/Skeletal.php:51
Stack trace:
#0 /Users/ben/repos/skeletal/src/Skeletal.php(40): Skeletal->make('poo')
#1 /Users/ben/repos/skeletal/src/Skeletal.php(29): Skeletal->resolve('poo')
#2 /Users/ben/repos/skeletal/test(9): Skeletal->handleRequest(Object(Closure))
#3 {main}
test success
Error: Call to a member function test() on string in /Users/ben/repos/skeletal/src/Skeletal.php:30
Stack trace:
#0 /Users/ben/repos/skeletal/test(9): Skeletal->handleRequest(Object(Closure))
#1 {main}
Error: Call to undefined method Skeletal\Http\Request::createFromGlobals() in /Users/ben/repos/skeletal/src/Skeletal.php:32
Stack trace:
#0 /Users/ben/repos/skeletal/test(9): Skeletal->handleRequest(Object(Closure))
#1 {main}
Error: Call to a member function test() on null in /Users/ben/repos/skeletal/test:8
Stack trace:
#0 /Users/ben/repos/skeletal/src/Skeletal.php(38): Closure->{closure}()
#1 /Users/ben/repos/skeletal/test(9): Skeletal->handleRequest(Object(Closure))
#2 {main}
Error: Call to a member function test() on null in /Users/ben/repos/skeletal/test:8
Stack trace:
#0 /Users/ben/repos/skeletal/src/Skeletal.php(38): Closure->{closure}()
#1 /Users/ben/repos/skeletal/test(9): Skeletal->handleRequest(Object(Closure))
#2 {main}
TypeError: Skeletal\Http\Request::createFromGlobals(): Return value must be of type Skeletal\Http\Request, none returned in /Users/ben/repos/skeletal/src/framework/Http/Request.php:21
Stack trace:
#0 /Users/ben/repos/skeletal/src/Skeletal.php(33): Skeletal\Http\Request::createFromGlobals(Array, Array, Array, Array, Array)
#1 /Users/ben/repos/skeletal/test(9): Skeletal->handleRequest(Object(Closure))
#2 {main}
Error: Call to private Skeletal\Http\Request::__construct() from scope Skeletal in /Users/ben/repos/skeletal/src/Skeletal.php:58
Stack trace:
#0 /Users/ben/repos/skeletal/src/Skeletal.php(47): Skeletal->make('request')
#1 /Users/ben/repos/skeletal/src/Skeletal.php(32): Skeletal->resolve('request')
#2 /Users/ben/repos/skeletal/test(9): Skeletal->handleRequest(Object(Closure))
#3 {main}
ArgumentCountError: Too few arguments to function Skeletal\Http\Request::__construct(), 0 passed in /Users/ben/repos/skeletal/src/Skeletal.php on line 58 and exactly 5 expected in /Users/ben/repos/skeletal/src/framework/Http/Request.php:8
Stack trace:
#0 /Users/ben/repos/skeletal/src/Skeletal.php(58): Skeletal\Http\Request->__construct()
#1 /Users/ben/repos/skeletal/src/Skeletal.php(47): Skeletal->make('request')
#2 /Users/ben/repos/skeletal/src/Skeletal.php(32): Skeletal->resolve('request')
#3 /Users/ben/repos/skeletal/test(9): Skeletal->handleRequest(Object(Closure))
#4 {main}
ArgumentCountError: Too few arguments to function Skeletal\Http\Request::__construct(), 0 passed in /Users/ben/repos/skeletal/src/Skeletal.php on line 58 and exactly 5 expected in /Users/ben/repos/skeletal/src/framework/Http/Request.php:8
Stack trace:
#0 /Users/ben/repos/skeletal/src/Skeletal.php(58): Skeletal\Http\Request->__construct()
#1 /Users/ben/repos/skeletal/src/Skeletal.php(47): Skeletal->make('request')
#2 /Users/ben/repos/skeletal/src/Skeletal.php(32): Skeletal->resolve('request')
#3 /Users/ben/repos/skeletal/test(9): Skeletal->handleRequest(Object(Closure))
#4 {main}
ErrorException: Undefined variable $Skeletal\Http\Request in /Users/ben/repos/skeletal/src/Skeletal.php:32
Stack trace:
#0 /Users/ben/repos/skeletal/src/Skeletal.php(32): Skeletal\Exceptions\Handler::reportError(2, 'Undefined varia...', '/Users/ben/repo...', 32)
#1 /Users/ben/repos/skeletal/test(9): Skeletal->handleRequest(Object(Closure))
#2 {main}
Error: Call to a member function createFromGlobals() on string in /Users/ben/repos/skeletal/src/Skeletal.php:32
Stack trace:
#0 /Users/ben/repos/skeletal/test(9): Skeletal->handleRequest(Object(Closure))
#1 {main}
Skeletal\Http\Request
Error: Call to a member function test() on string in /Users/ben/repos/skeletal/test:8
Stack trace:
#0 /Users/ben/repos/skeletal/src/Skeletal.php(40): Closure->{closure}()
#1 /Users/ben/repos/skeletal/test(9): Skeletal->handleRequest(Object(Closure))
#2 {main}
ArgumentCountError: Too few arguments to function Skeletal\Http\Request::__construct(), 0 passed in /Users/ben/repos/skeletal/src/framework/Http/Request.php on line 26 and exactly 5 expected in /Users/ben/repos/skeletal/src/framework/Http/Request.php:8
Stack trace:
#0 /Users/ben/repos/skeletal/src/framework/Http/Request.php(26): Skeletal\Http\Request->__construct()
#1 /Users/ben/repos/skeletal/src/Skeletal.php(36): Skeletal\Http\Request::createFromGlobals()
#2 /Users/ben/repos/skeletal/test(9): Skeletal->handleRequest(Object(Closure))
#3 {main}
Error: Call to a member function createFromGlobals() on string in /Users/ben/repos/skeletal/src/Skeletal.php:36
Stack trace:
#0 /Users/ben/repos/skeletal/test(9): Skeletal->handleRequest(Object(Closure))
#1 {main}
Error: Class name must be a valid object or a string in /Users/ben/repos/skeletal/src/Skeletal.php:36
Stack trace:
#0 /Users/ben/repos/skeletal/test(9): Skeletal->handleRequest(Object(Closure))
#1 {main}
Skeletal\Http\Request
Error: Class name must be a valid object or a string in /Users/ben/repos/skeletal/src/Skeletal.php:37
Stack trace:
#0 /Users/ben/repos/skeletal/test(9): Skeletal->handleRequest(Object(Closure))
#1 {main}
Skeletal\Http\Request
ArgumentCountError: Too few arguments to function Skeletal\Http\Request::__construct(), 0 passed in /Users/ben/repos/skeletal/src/Skeletal.php on line 37 and exactly 5 expected in /Users/ben/repos/skeletal/src/framework/Http/Request.php:8
Stack trace:
#0 /Users/ben/repos/skeletal/src/Skeletal.php(37): Skeletal\Http\Request->__construct()
#1 /Users/ben/repos/skeletal/test(9): Skeletal->handleRequest(Object(Closure))
#2 {main}
Skeletal\Http\Request
Error: Call to a member function createFromGlobals() on string in /Users/ben/repos/skeletal/src/Skeletal.php:37
Stack trace:
#0 /Users/ben/repos/skeletal/test(9): Skeletal->handleRequest(Object(Closure))
#1 {main}
TypeError: Skeletal\Support\Log::debug(): Argument #1 ($log) must be of type string, Skeletal\Support\Resolver given, called in /Users/ben/repos/skeletal/src/framework/Support/helpers.php on line 17 and defined in /Users/ben/repos/skeletal/src/framework/Support/Log.php:7
Stack trace:
#0 /Users/ben/repos/skeletal/src/framework/Support/helpers.php(17): Skeletal\Support\Log::debug(Object(Skeletal\Support\Resolver))
#1 /Users/ben/repos/skeletal/src/Skeletal.php(38): debug(Object(Skeletal\Support\Resolver))
#2 /Users/ben/repos/skeletal/test(9): Skeletal->handleRequest(Object(Closure))
#3 {main}
ParseError: syntax error, unexpected token "}", expecting "->" or "?->" or "{" or "[" in /Users/ben/repos/skeletal/src/framework/Support/Resolver.php:24
Stack trace:
#0 /Users/ben/repos/skeletal/vendor/composer/ClassLoader.php(428): Composer\Autoload\includeFile('/Users/ben/repo...')
#1 /Users/ben/repos/skeletal/src/Skeletal.php(64): Composer\Autoload\ClassLoader->loadClass('Skeletal\\Suppor...')
#2 /Users/ben/repos/skeletal/src/Skeletal.php(53): Skeletal->make('request')
#3 /Users/ben/repos/skeletal/src/Skeletal.php(38): Skeletal->resolve('request')
#4 /Users/ben/repos/skeletal/test(9): Skeletal->handleRequest(Object(Closure))
#5 {main}
ParseError: syntax error, unexpected token "}", expecting "->" or "?->" or "{" or "[" in /Users/ben/repos/skeletal/src/framework/Support/Resolver.php:24
Stack trace:
#0 /Users/ben/repos/skeletal/vendor/composer/ClassLoader.php(428): Composer\Autoload\includeFile('/Users/ben/repo...')
#1 /Users/ben/repos/skeletal/src/Skeletal.php(64): Composer\Autoload\ClassLoader->loadClass('Skeletal\\Suppor...')
#2 /Users/ben/repos/skeletal/src/Skeletal.php(53): Skeletal->make('request')
#3 /Users/ben/repos/skeletal/src/Skeletal.php(38): Skeletal->resolve('request')
#4 /Users/ben/repos/skeletal/test(9): Skeletal->handleRequest(Object(Closure))
#5 {main}
ParseError: syntax error, unexpected token "}", expecting "->" or "?->" or "{" or "[" in /Users/ben/repos/skeletal/src/framework/Support/Resolver.php:24
Stack trace:
#0 /Users/ben/repos/skeletal/vendor/composer/ClassLoader.php(428): Composer\Autoload\includeFile('/Users/ben/repo...')
#1 /Users/ben/repos/skeletal/src/Skeletal.php(64): Composer\Autoload\ClassLoader->loadClass('Skeletal\\Suppor...')
#2 /Users/ben/repos/skeletal/src/Skeletal.php(53): Skeletal->make('request')
#3 /Users/ben/repos/skeletal/src/Skeletal.php(38): Skeletal->resolve('request')
#4 /Users/ben/repos/skeletal/test(9): Skeletal->handleRequest(Object(Closure))
#5 {main}
ParseError: syntax error, unexpected token "}", expecting "->" or "?->" or "{" or "[" in /Users/ben/repos/skeletal/src/framework/Support/Resolver.php:24
Stack trace:
#0 /Users/ben/repos/skeletal/vendor/composer/ClassLoader.php(428): Composer\Autoload\includeFile('/Users/ben/repo...')
#1 /Users/ben/repos/skeletal/src/Skeletal.php(64): Composer\Autoload\ClassLoader->loadClass('Skeletal\\Suppor...')
#2 /Users/ben/repos/skeletal/src/Skeletal.php(53): Skeletal->make('request')
#3 /Users/ben/repos/skeletal/src/Skeletal.php(38): Skeletal->resolve('request')
#4 /Users/ben/repos/skeletal/test(9): Skeletal->handleRequest(Object(Closure))
#5 {main}
ParseError: syntax error, unexpected token "}", expecting "->" or "?->" or "{" or "[" in /Users/ben/repos/skeletal/src/framework/Support/Resolver.php:24
Stack trace:
#0 /Users/ben/repos/skeletal/vendor/composer/ClassLoader.php(428): Composer\Autoload\includeFile('/Users/ben/repo...')
#1 /Users/ben/repos/skeletal/src/Skeletal.php(64): Composer\Autoload\ClassLoader->loadClass('Skeletal\\Suppor...')
#2 /Users/ben/repos/skeletal/src/Skeletal.php(53): Skeletal->make('request')
#3 /Users/ben/repos/skeletal/src/Skeletal.php(38): Skeletal->resolve('request')
#4 /Users/ben/repos/skeletal/test(9): Skeletal->handleRequest(Object(Closure))
#5 {main}
ErrorException: Undefined variable $Skeletal\Support\Resolver in /Users/ben/repos/skeletal/src/framework/Support/Resolver.php:24
Stack trace:
#0 /Users/ben/repos/skeletal/src/framework/Support/Resolver.php(24): Skeletal\Exceptions\Handler::reportError(2, 'Undefined varia...', '/Users/ben/repo...', 24)
#1 /Users/ben/repos/skeletal/src/framework/Support/Log.php(7): Skeletal\Support\Resolver->__toString()
#2 /Users/ben/repos/skeletal/src/framework/Support/helpers.php(17): Skeletal\Support\Log::debug(Object(Skeletal\Support\Resolver))
#3 /Users/ben/repos/skeletal/src/Skeletal.php(38): debug(Object(Skeletal\Support\Resolver))
#4 /Users/ben/repos/skeletal/test(9): Skeletal->handleRequest(Object(Closure))
#5 {main}
ErrorException: Undefined variable $Skeletal\Support\this in /Users/ben/repos/skeletal/src/framework/Support/Resolver.php:24
Stack trace:
#0 /Users/ben/repos/skeletal/src/framework/Support/Resolver.php(24): Skeletal\Exceptions\Handler::reportError(2, 'Undefined varia...', '/Users/ben/repo...', 24)
#1 /Users/ben/repos/skeletal/src/framework/Support/Log.php(7): Skeletal\Support\Resolver->__toString()
#2 /Users/ben/repos/skeletal/src/framework/Support/helpers.php(17): Skeletal\Support\Log::debug(Object(Skeletal\Support\Resolver))
#3 /Users/ben/repos/skeletal/src/Skeletal.php(38): debug(Object(Skeletal\Support\Resolver))
#4 /Users/ben/repos/skeletal/test(9): Skeletal->handleRequest(Object(Closure))
#5 {main}
ParseError: syntax error, unexpected token "}", expecting "->" or "?->" or "{" or "[" in /Users/ben/repos/skeletal/src/framework/Support/Resolver.php:24
Stack trace:
#0 /Users/ben/repos/skeletal/vendor/composer/ClassLoader.php(428): Composer\Autoload\includeFile('/Users/ben/repo...')
#1 /Users/ben/repos/skeletal/src/Skeletal.php(64): Composer\Autoload\ClassLoader->loadClass('Skeletal\\Suppor...')
#2 /Users/ben/repos/skeletal/src/Skeletal.php(53): Skeletal->make('request')
#3 /Users/ben/repos/skeletal/src/Skeletal.php(38): Skeletal->resolve('request')
#4 /Users/ben/repos/skeletal/test(9): Skeletal->handleRequest(Object(Closure))
#5 {main}
ParseError: syntax error, unexpected token "}", expecting "->" or "?->" or "{" or "[" in /Users/ben/repos/skeletal/src/framework/Support/Resolver.php:24
Stack trace:
#0 /Users/ben/repos/skeletal/vendor/composer/ClassLoader.php(428): Composer\Autoload\includeFile('/Users/ben/repo...')
#1 /Users/ben/repos/skeletal/src/Skeletal.php(64): Composer\Autoload\ClassLoader->loadClass('Skeletal\\Suppor...')
#2 /Users/ben/repos/skeletal/src/Skeletal.php(53): Skeletal->make('request')
#3 /Users/ben/repos/skeletal/src/Skeletal.php(38): Skeletal->resolve('request')
#4 /Users/ben/repos/skeletal/test(9): Skeletal->handleRequest(Object(Closure))
#5 {main}
ErrorException: Undefined variable $Skeletal\Support\Resolver in /Users/ben/repos/skeletal/src/framework/Support/Resolver.php:24
Stack trace:
#0 /Users/ben/repos/skeletal/src/framework/Support/Resolver.php(24): Skeletal\Exceptions\Handler::reportError(2, 'Undefined varia...', '/Users/ben/repo...', 24)
#1 /Users/ben/repos/skeletal/src/framework/Support/Log.php(7): Skeletal\Support\Resolver->__toString()
#2 /Users/ben/repos/skeletal/src/framework/Support/helpers.php(17): Skeletal\Support\Log::debug(Object(Skeletal\Support\Resolver))
#3 /Users/ben/repos/skeletal/src/Skeletal.php(38): debug(Object(Skeletal\Support\Resolver))
#4 /Users/ben/repos/skeletal/test(9): Skeletal->handleRequest(Object(Closure))
#5 {main}
ParseError: syntax error, unexpected token "}", expecting "->" or "?->" or "{" or "[" in /Users/ben/repos/skeletal/src/framework/Support/Resolver.php:24
Stack trace:
#0 /Users/ben/repos/skeletal/vendor/composer/ClassLoader.php(428): Composer\Autoload\includeFile('/Users/ben/repo...')
#1 /Users/ben/repos/skeletal/src/Skeletal.php(64): Composer\Autoload\ClassLoader->loadClass('Skeletal\\Suppor...')
#2 /Users/ben/repos/skeletal/src/Skeletal.php(53): Skeletal->make('request')
#3 /Users/ben/repos/skeletal/src/Skeletal.php(38): Skeletal->resolve('request')
#4 /Users/ben/repos/skeletal/test(9): Skeletal->handleRequest(Object(Closure))
#5 {main}
[ class Skeletal\Support\Resolver ] -> Skeletal\Http\Request
test success
[ class Skeletal\Support\Resolver ] -> Skeletal\Http\Request
[ class Skeletal\Support\Resolver ] -> Skeletal\Http\Request
test success
ErrorException: Undefined array key "request" in /Users/ben/repos/skeletal/src/Skeletal.php:90
Stack trace:
#0 /Users/ben/repos/skeletal/src/Skeletal.php(90): Skeletal\Exceptions\Handler::reportError(2, 'Undefined array...', '/Users/ben/repo...', 90)
#1 /Users/ben/repos/skeletal/src/Skeletal.php(38): Skeletal->__get('request')
#2 /Users/ben/repos/skeletal/test(9): Skeletal->handleRequest(Object(Closure))
#3 {main}
TypeError: Skeletal\Support\Log::debug(): Argument #1 ($log) must be of type string, null given, called in /Users/ben/repos/skeletal/src/framework/Support/helpers.php on line 17 and defined in /Users/ben/repos/skeletal/src/framework/Support/Log.php:7
Stack trace:
#0 /Users/ben/repos/skeletal/src/framework/Support/helpers.php(17): Skeletal\Support\Log::debug(NULL)
#1 /Users/ben/repos/skeletal/src/Skeletal.php(38): debug(NULL)
#2 /Users/ben/repos/skeletal/test(9): Skeletal->handleRequest(Object(Closure))
#3 {main}

[ class Skeletal\Support\Resolver ] -> Skeletal\Http\Request
test success
null
[ class Skeletal\Support\Resolver ] -> Skeletal\Http\Request
test success
null
[ class Skeletal\Support\Resolver ] -> Skeletal\Http\Requesttest successnull
[ class Skeletal\Support\Resolver ] -> Skeletal\Http\Request
test success
null
[ class Skeletal\Support\Resolver ] -> Skeletal\Http\Request
TypeError: Skeletal\Support\Log::debug(): Argument #1 ($log) must be of type ?string, Skeletal\Http\Request given, called in /Users/ben/repos/skeletal/src/framework/Support/helpers.php on line 17 and defined in /Users/ben/repos/skeletal/src/framework/Support/Log.php:7
Stack trace:
#0 /Users/ben/repos/skeletal/src/framework/Support/helpers.php(17): Skeletal\Support\Log::debug(Object(Skeletal\Http\Request))
#1 /Users/ben/repos/skeletal/src/Skeletal.php(46): debug(Object(Skeletal\Http\Request))
#2 /Users/ben/repos/skeletal/test(9): Skeletal->handleRequest(Object(Closure))
#3 {main}
null
[ class Skeletal\Support\Resolver ] -> Skeletal\Http\Request
TypeError: Skeletal\Support\Log::debug(): Argument #1 ($log) must be of type ?string, Skeletal\Http\Request given, called in /Users/ben/repos/skeletal/src/framework/Support/helpers.php on line 17 and defined in /Users/ben/repos/skeletal/src/framework/Support/Log.php:7
Stack trace:
#0 /Users/ben/repos/skeletal/src/framework/Support/helpers.php(17): Skeletal\Support\Log::debug(Object(Skeletal\Http\Request))
#1 /Users/ben/repos/skeletal/src/Skeletal.php(46): debug(Object(Skeletal\Http\Request))
#2 /Users/ben/repos/skeletal/test(9): Skeletal->handleRequest(Object(Closure))
#3 {main}
null
[ class Skeletal\Support\Resolver ] -> Skeletal\Http\Request
null
[ class Skeletal\Support\Resolver ] -> Skeletal\Http\Request
null
[ class Skeletal\Support\Resolver ] -> Skeletal\Http\Request
{}
test success
null
[ class Skeletal\Support\Resolver ] -> Skeletal\Http\Request
{"test":"test"}
test success
null
[ class Skeletal\Support\Resolver ] -> Skeletal\Http\Request
{"class":"Skeletal\\Http\\Request"}
test success
0: Parameter #0 [ <required> $test ]
0: Parameter #0 [ <required> Skeletal\Support\Response $response ]
0: Parameter #0 [ <required> Skeletal\Support\Response $response ]
Skeletal\Support\Response
Skeletal\Support\Response
ErrorException: Undefined variable $name in /Users/ben/repos/skeletal/src/Skeletal.php:44
Stack trace:
#0 /Users/ben/repos/skeletal/src/Skeletal.php(44): Skeletal\Exceptions\Handler::reportError(2, 'Undefined varia...', '/Users/ben/repo...', 44)
#1 /Users/ben/repos/skeletal/test(10): Skeletal->handleRequest(Object(Closure))
#2 {main}
Skeletal\Support\Response
response
ErrorException: Undefined variable $abstract in /Users/ben/repos/skeletal/src/Skeletal.php:47
Stack trace:
#0 /Users/ben/repos/skeletal/src/Skeletal.php(47): Skeletal\Exceptions\Handler::reportError(2, 'Undefined varia...', '/Users/ben/repo...', 47)
#1 /Users/ben/repos/skeletal/test(10): Skeletal->handleRequest(Object(Closure))
#2 {main}
TypeError: Illegal offset type in /Users/ben/repos/skeletal/src/Skeletal.php:62
Stack trace:
#0 /Users/ben/repos/skeletal/src/Skeletal.php(50): Skeletal->resolve(Object(ReflectionNamedType))
#1 /Users/ben/repos/skeletal/test(10): Skeletal->handleRequest(Object(Closure))
#2 {main}
ErrorException: "Skeletal\Support\Response" not defined on the Skeletal instance in /Users/ben/repos/skeletal/src/Skeletal.php:74
Stack trace:
#0 /Users/ben/repos/skeletal/src/Skeletal.php(62): Skeletal->make('Skeletal\\Suppor...')
#1 /Users/ben/repos/skeletal/src/Skeletal.php(50): Skeletal->resolve('Skeletal\\Suppor...')
#2 /Users/ben/repos/skeletal/test(10): Skeletal->handleRequest(Object(Closure))
#3 {main}
TypeError: Closure::{closure}(): Argument #1 ($response) must be of type Skeletal\Support\Response, ReflectionParameter given in /Users/ben/repos/skeletal/test:8
Stack trace:
#0 [internal function]: Closure->{closure}(Object(ReflectionParameter), Object(Skeletal\Support\Response))
#1 /Users/ben/repos/skeletal/src/Skeletal.php(53): ReflectionFunction->invokeArgs(Array)
#2 /Users/ben/repos/skeletal/test(10): Skeletal->handleRequest(Object(Closure))
#3 {main}
TypeError: Closure::{closure}(): Argument #1 ($response) must be of type Skeletal\Support\Response, ReflectionParameter given in /Users/ben/repos/skeletal/test:8
Stack trace:
#0 [internal function]: Closure->{closure}(Object(ReflectionParameter), Object(Skeletal\Support\Response))
#1 /Users/ben/repos/skeletal/src/Skeletal.php(53): ReflectionFunction->invokeArgs(Array)
#2 /Users/ben/repos/skeletal/test(10): Skeletal->handleRequest(Object(Closure))
#3 {main}
TypeError: Closure::{closure}(): Argument #1 ($response) must be of type Skeletal\Support\Response, ReflectionParameter given in /Users/ben/repos/skeletal/test:8
Stack trace:
#0 [internal function]: Closure->{closure}(Object(ReflectionParameter), Object(Skeletal\Support\Response))
#1 /Users/ben/repos/skeletal/src/Skeletal.php(53): ReflectionFunction->invokeArgs(Array)
#2 /Users/ben/repos/skeletal/test(10): Skeletal->handleRequest(Object(Closure))
#3 {main}
TypeError: Closure::{closure}(): Argument #1 ($response) must be of type Skeletal\Support\Response, ReflectionParameter given in /Users/ben/repos/skeletal/test:8
Stack trace:
#0 [internal function]: Closure->{closure}(Object(ReflectionParameter), Object(Skeletal\Support\Response))
#1 /Users/ben/repos/skeletal/src/Skeletal.php(53): ReflectionFunction->invokeArgs(Array)
#2 /Users/ben/repos/skeletal/test(10): Skeletal->handleRequest(Object(Closure))
#3 {main}
TypeError: Skeletal\Support\Log::debug(): Argument #1 ($log) must be of type Skeletal\Support\Stringable|string|null, array given, called in /Users/ben/repos/skeletal/src/framework/Support/helpers.php on line 17 and defined in /Users/ben/repos/skeletal/src/framework/Support/Log.php:7
Stack trace:
#0 /Users/ben/repos/skeletal/src/framework/Support/helpers.php(17): Skeletal\Support\Log::debug(Array)
#1 /Users/ben/repos/skeletal/src/Skeletal.php(50): debug(Array)
#2 /Users/ben/repos/skeletal/test(10): Skeletal->handleRequest(Object(Closure))
#3 {main}
ErrorException: Array to string conversion in /Users/ben/repos/skeletal/src/framework/Support/Log.php:9
Stack trace:
#0 /Users/ben/repos/skeletal/src/framework/Support/Log.php(9): Skeletal\Exceptions\Handler::reportError(2, 'Array to string...', '/Users/ben/repo...', 9)
#1 /Users/ben/repos/skeletal/src/framework/Support/helpers.php(17): Skeletal\Support\Log::debug(Array)
#2 /Users/ben/repos/skeletal/src/Skeletal.php(50): debug(Array)
#3 /Users/ben/repos/skeletal/test(10): Skeletal->handleRequest(Object(Closure))
#4 {main}
[{"name":"response"}]
"TypeError: Closure::{closure}(): Argument #1 ($response) must be of type Skeletal\\Support\\Response, ReflectionParameter given in \/Users\/ben\/repos\/skeletal\/test:8\nStack trace:\n#0 [internal function]: Closure->{closure}(Object(ReflectionParameter), Object(Skeletal\\Support\\Response))\n#1 \/Users\/ben\/repos\/skeletal\/src\/Skeletal.php(55): ReflectionFunction->invokeArgs(Array)\n#2 \/Users\/ben\/repos\/skeletal\/test(10): Skeletal->handleRequest(Object(Closure))\n#3 {main}"
[]
"{\"class\":\"Skeletal\\\\Support\\\\Response\"}"
[]
{"class":"Skeletal\\Support\\Response"}
ErrorException: "test" not defined on the Skeletal instance in /Users/ben/repos/skeletal/src/Skeletal.php:75
Stack trace:
#0 /Users/ben/repos/skeletal/src/Skeletal.php(63): Skeletal->make('test')
#1 /Users/ben/repos/skeletal/src/Skeletal.php(51): Skeletal->resolve('test')
#2 /Users/ben/repos/skeletal/test(10): Skeletal->handleRequest(Object(Closure))
#3 {main}
{"class":"Skeletal\\Support\\Response"}
{"class":"Skeletal\\Support\\Response"}
{"class":"Skeletal\\Support\\Response"}
{"class":"Skeletal\\Support\\Response"}
{"class":"Skeletal\\Support\\Response"}
{"class":"Skeletal\\Support\\Response"}
null
{"class":"Skeletal\\Support\\Response"}
{"class":"Skeletal\\Support\\Response"}
{"class":"Skeletal\\Support\\Response"}
{"class":"Skeletal\\Support\\Response"}
echo done
echo done
{"class":"Skeletal\\Support\\Response"}
{"class":"Skeletal\\Support\\Response"}
echo done
{"class":"Skeletal\\Support\\Response"}
{"class":"Skeletal\\Support\\Response"}
echo done
echo done
{"class":"Skeletal\\Support\\Response"}
{"class":"Skeletal\\Support\\Response"}
[]
[]
[]
[]
{"TERM_SESSION_ID":"w0t0p0:4F34F6A7-7204-4A3D-A40F-B9AF6D2E929A","SSH_AUTH_SOCK":"\/private\/tmp\/com.apple.launchd.aLYKlzRpSE\/Listeners","LC_TERMINAL_VERSION":"3.4.15","COLORFGBG":"12;8","ITERM_PROFILE":"Default","XPC_FLAGS":"0x0","LANG":"en_GB.UTF-8","PWD":"\/Users\/ben\/repos\/skeletal","SHELL":"\/bin\/zsh","__CFBundleIdentifier":"com.googlecode.iterm2","TERM_PROGRAM_VERSION":"3.4.15","TERM_PROGRAM":"iTerm.app","PATH":"\/Users\/ben\/.composer\/vendor\/bin:\/Users\/ben\/.composer\/vendor\/bin:\/opt\/homebrew\/bin:\/opt\/homebrew\/sbin:\/usr\/local\/bin:\/usr\/bin:\/bin:\/usr\/sbin:\/sbin:\/opt\/homebrew\/bin:\/opt\/homebrew\/sbin","LC_TERMINAL":"iTerm2","COLORTERM":"truecolor","COMMAND_MODE":"unix2003","TERM":"xterm-256color","HOME":"\/Users\/ben","TMPDIR":"\/var\/folders\/zd\/dszw5qdd2dq4_fz7v65y7r900000gn\/T\/","USER":"ben","XPC_SERVICE_NAME":"0","LOGNAME":"ben","ITERM_SESSION_ID":"w0t0p0:4F34F6A7-7204-4A3D-A40F-B9AF6D2E929A","__CF_USER_TEXT_ENCODING":"0x1F5:0:2","SHLVL":"10","OLDPWD":"\/Users\/ben\/repos\/temphero-shifts","HOMEBREW_PREFIX":"\/opt\/homebrew","HOMEBREW_CELLAR":"\/opt\/homebrew\/Cellar","HOMEBREW_REPOSITORY":"\/opt\/homebrew","MANPATH":"\/opt\/homebrew\/share\/man:\/usr\/share\/man:\/usr\/local\/share\/man:\/opt\/homebrew\/share\/man:","INFOPATH":"\/opt\/homebrew\/share\/info:\/opt\/homebrew\/share\/info:","ZSH":"\/Users\/ben\/.oh-my-zsh","PAGER":"less","LESS":"-R","LSCOLORS":"Gxfxcxdxbxegedabagacad","PUPPETEER_SKIP_CHROMIUM_DOWNLOAD":"true","PUPPETEER_EXECUTABLE_PATH":"\/opt\/homebrew\/bin\/chromium","_":"\/opt\/homebrew\/bin\/php","PHP_SELF":"test","SCRIPT_NAME":"test","SCRIPT_FILENAME":"test","PATH_TRANSLATED":"test","DOCUMENT_ROOT":"","REQUEST_TIME_FLOAT":1652917520.003934,"REQUEST_TIME":1652917520,"argv":["test"],"argc":1}
{"class":"Skeletal\\Support\\Response"}
{"class":"Skeletal\\Support\\Response"}
[]
[]
[]
[]
{"USER":"ben","HOME":"\/Users\/ben","HTTP_ACCEPT_LANGUAGE":"en-GB,en-US;q=0.9,en;q=0.8","HTTP_ACCEPT_ENCODING":"gzip, deflate","HTTP_ACCEPT":"text\/html,application\/xhtml+xml,application\/xml;q=0.9,image\/avif,image\/webp,image\/apng,*\/*;q=0.8,application\/signed-exchange;v=b3;q=0.9","HTTP_USER_AGENT":"Mozilla\/5.0 (Macintosh; Intel Mac OS X 10_15_7) AppleWebKit\/537.36 (KHTML, like Gecko) Chrome\/100.0.4896.88 Safari\/537.36","HTTP_UPGRADE_INSECURE_REQUESTS":"1","HTTP_CACHE_CONTROL":"max-age=0","HTTP_CONNECTION":"keep-alive","HTTP_HOST":"skeletal.test","PATH_INFO":"","REDIRECT_STATUS":"200","SERVER_NAME":"skeletal.test","SERVER_PORT":"80","SERVER_ADDR":"127.0.0.1","REMOTE_PORT":"50213","REMOTE_ADDR":"127.0.0.1","SERVER_SOFTWARE":"nginx\/1.21.6","GATEWAY_INTERFACE":"CGI\/1.1","SERVER_PROTOCOL":"HTTP\/1.1","DOCUMENT_ROOT":"\/Users\/ben\/repos\/skeletal\/public","DOCUMENT_URI":"\/Users\/ben\/.composer\/vendor\/laravel\/valet\/server.php","REQUEST_URI":"\/","SCRIPT_NAME":"\/index.php","SCRIPT_FILENAME":"\/Users\/ben\/repos\/skeletal\/public\/index.php","CONTENT_LENGTH":"","CONTENT_TYPE":"","REQUEST_METHOD":"GET","QUERY_STRING":"","FCGI_ROLE":"RESPONDER","PHP_SELF":"\/","REQUEST_TIME_FLOAT":1652918349.265177,"REQUEST_TIME":1652918349}
{"class":"Skeletal\\Support\\Response"}
{"class":"Skeletal\\Support\\Response"}
[]
[]
[]
[]
{"USER":"ben","HOME":"\/Users\/ben","HTTP_ACCEPT_LANGUAGE":"en-GB,en-US;q=0.9,en;q=0.8","HTTP_ACCEPT_ENCODING":"gzip, deflate","HTTP_ACCEPT":"text\/html,application\/xhtml+xml,application\/xml;q=0.9,image\/avif,image\/webp,image\/apng,*\/*;q=0.8,application\/signed-exchange;v=b3;q=0.9","HTTP_USER_AGENT":"Mozilla\/5.0 (Macintosh; Intel Mac OS X 10_15_7) AppleWebKit\/537.36 (KHTML, like Gecko) Chrome\/100.0.4896.88 Safari\/537.36","HTTP_UPGRADE_INSECURE_REQUESTS":"1","HTTP_CACHE_CONTROL":"max-age=0","HTTP_CONNECTION":"keep-alive","HTTP_HOST":"skeletal.test","PATH_INFO":"","REDIRECT_STATUS":"200","SERVER_NAME":"skeletal.test","SERVER_PORT":"80","SERVER_ADDR":"127.0.0.1","REMOTE_PORT":"50213","REMOTE_ADDR":"127.0.0.1","SERVER_SOFTWARE":"nginx\/1.21.6","GATEWAY_INTERFACE":"CGI\/1.1","SERVER_PROTOCOL":"HTTP\/1.1","DOCUMENT_ROOT":"\/Users\/ben\/repos\/skeletal\/public","DOCUMENT_URI":"\/Users\/ben\/.composer\/vendor\/laravel\/valet\/server.php","REQUEST_URI":"\/","SCRIPT_NAME":"\/index.php","SCRIPT_FILENAME":"\/Users\/ben\/repos\/skeletal\/public\/index.php","CONTENT_LENGTH":"","CONTENT_TYPE":"","REQUEST_METHOD":"GET","QUERY_STRING":"","FCGI_ROLE":"RESPONDER","PHP_SELF":"\/","REQUEST_TIME_FLOAT":1652918371.945362,"REQUEST_TIME":1652918371}
{"class":"Skeletal\\Support\\Response"}
{"class":"Skeletal\\Support\\Response"}
echo done
[]
[]
[]
[]
{"USER":"ben","HOME":"\/Users\/ben","HTTP_ACCEPT_LANGUAGE":"en-GB,en-US;q=0.9,en;q=0.8","HTTP_ACCEPT_ENCODING":"gzip, deflate","HTTP_ACCEPT":"text\/html,application\/xhtml+xml,application\/xml;q=0.9,image\/avif,image\/webp,image\/apng,*\/*;q=0.8,application\/signed-exchange;v=b3;q=0.9","HTTP_USER_AGENT":"Mozilla\/5.0 (Macintosh; Intel Mac OS X 10_15_7) AppleWebKit\/537.36 (KHTML, like Gecko) Chrome\/100.0.4896.88 Safari\/537.36","HTTP_UPGRADE_INSECURE_REQUESTS":"1","HTTP_CACHE_CONTROL":"no-cache","HTTP_PRAGMA":"no-cache","HTTP_CONNECTION":"keep-alive","HTTP_HOST":"skeletal.test","PATH_INFO":"","REDIRECT_STATUS":"200","SERVER_NAME":"skeletal.test","SERVER_PORT":"80","SERVER_ADDR":"127.0.0.1","REMOTE_PORT":"50213","REMOTE_ADDR":"127.0.0.1","SERVER_SOFTWARE":"nginx\/1.21.6","GATEWAY_INTERFACE":"CGI\/1.1","SERVER_PROTOCOL":"HTTP\/1.1","DOCUMENT_ROOT":"\/Users\/ben\/repos\/skeletal\/public","DOCUMENT_URI":"\/Users\/ben\/.composer\/vendor\/laravel\/valet\/server.php","REQUEST_URI":"\/","SCRIPT_NAME":"\/index.php","SCRIPT_FILENAME":"\/Users\/ben\/repos\/skeletal\/public\/index.php","CONTENT_LENGTH":"","CONTENT_TYPE":"","REQUEST_METHOD":"GET","QUERY_STRING":"","FCGI_ROLE":"RESPONDER","PHP_SELF":"\/","REQUEST_TIME_FLOAT":1652918393.000808,"REQUEST_TIME":1652918393}
{"class":"Skeletal\\Support\\Response"}
{"class":"Skeletal\\Support\\Response"}
echo done
[]
[]
[]
[]
{"USER":"ben","HOME":"\/Users\/ben","HTTP_ACCEPT_LANGUAGE":"en-GB,en-US;q=0.9,en;q=0.8","HTTP_ACCEPT_ENCODING":"gzip, deflate","HTTP_REFERER":"http:\/\/skeletal.test\/","HTTP_ACCEPT":"image\/avif,image\/webp,image\/apng,image\/svg+xml,image\/*,*\/*;q=0.8","HTTP_USER_AGENT":"Mozilla\/5.0 (Macintosh; Intel Mac OS X 10_15_7) AppleWebKit\/537.36 (KHTML, like Gecko) Chrome\/100.0.4896.88 Safari\/537.36","HTTP_CACHE_CONTROL":"no-cache","HTTP_PRAGMA":"no-cache","HTTP_CONNECTION":"keep-alive","HTTP_HOST":"skeletal.test","PATH_INFO":"","REDIRECT_STATUS":"200","SERVER_NAME":"skeletal.test","SERVER_PORT":"80","SERVER_ADDR":"127.0.0.1","REMOTE_PORT":"50213","REMOTE_ADDR":"127.0.0.1","SERVER_SOFTWARE":"nginx\/1.21.6","GATEWAY_INTERFACE":"CGI\/1.1","SERVER_PROTOCOL":"HTTP\/1.1","DOCUMENT_ROOT":"\/Users\/ben\/repos\/skeletal\/public","DOCUMENT_URI":"\/Users\/ben\/.composer\/vendor\/laravel\/valet\/server.php","REQUEST_URI":"\/favicon.ico","SCRIPT_NAME":"\/index.php","SCRIPT_FILENAME":"\/Users\/ben\/repos\/skeletal\/public\/index.php","CONTENT_LENGTH":"","CONTENT_TYPE":"","REQUEST_METHOD":"GET","QUERY_STRING":"","FCGI_ROLE":"RESPONDER","PHP_SELF":"\/favicon.ico","REQUEST_TIME_FLOAT":1652918393.071124,"REQUEST_TIME":1652918393}
{"class":"Skeletal\\Support\\Response"}
{"class":"Skeletal\\Support\\Response"}
echo done
[]
[]
[]
[]
{"USER":"ben","HOME":"\/Users\/ben","HTTP_ACCEPT_LANGUAGE":"en-GB,en-US;q=0.9,en;q=0.8","HTTP_ACCEPT_ENCODING":"gzip, deflate","HTTP_ACCEPT":"text\/html,application\/xhtml+xml,application\/xml;q=0.9,image\/avif,image\/webp,image\/apng,*\/*;q=0.8,application\/signed-exchange;v=b3;q=0.9","HTTP_USER_AGENT":"Mozilla\/5.0 (Macintosh; Intel Mac OS X 10_15_7) AppleWebKit\/537.36 (KHTML, like Gecko) Chrome\/100.0.4896.88 Safari\/537.36","HTTP_UPGRADE_INSECURE_REQUESTS":"1","HTTP_CACHE_CONTROL":"max-age=0","HTTP_CONNECTION":"keep-alive","HTTP_HOST":"skeletal.test","PATH_INFO":"","REDIRECT_STATUS":"200","SERVER_NAME":"skeletal.test","SERVER_PORT":"80","SERVER_ADDR":"127.0.0.1","REMOTE_PORT":"50213","REMOTE_ADDR":"127.0.0.1","SERVER_SOFTWARE":"nginx\/1.21.6","GATEWAY_INTERFACE":"CGI\/1.1","SERVER_PROTOCOL":"HTTP\/1.1","DOCUMENT_ROOT":"\/Users\/ben\/repos\/skeletal\/public","DOCUMENT_URI":"\/Users\/ben\/.composer\/vendor\/laravel\/valet\/server.php","REQUEST_URI":"\/","SCRIPT_NAME":"\/index.php","SCRIPT_FILENAME":"\/Users\/ben\/repos\/skeletal\/public\/index.php","CONTENT_LENGTH":"","CONTENT_TYPE":"","REQUEST_METHOD":"GET","QUERY_STRING":"","FCGI_ROLE":"RESPONDER","PHP_SELF":"\/","REQUEST_TIME_FLOAT":1652918425.244934,"REQUEST_TIME":1652918425}
{"class":"Skeletal\\Support\\Response"}
{"class":"Skeletal\\Support\\Response"}
echo done
[]
[]
[]
[]
{"USER":"ben","HOME":"\/Users\/ben","HTTP_ACCEPT_LANGUAGE":"en-GB,en-US;q=0.9,en;q=0.8","HTTP_ACCEPT_ENCODING":"gzip, deflate","HTTP_ACCEPT":"text\/html,application\/xhtml+xml,application\/xml;q=0.9,image\/avif,image\/webp,image\/apng,*\/*;q=0.8,application\/signed-exchange;v=b3;q=0.9","HTTP_USER_AGENT":"Mozilla\/5.0 (Macintosh; Intel Mac OS X 10_15_7) AppleWebKit\/537.36 (KHTML, like Gecko) Chrome\/100.0.4896.88 Safari\/537.36","HTTP_UPGRADE_INSECURE_REQUESTS":"1","HTTP_CONNECTION":"keep-alive","HTTP_HOST":"skeletal.test","PATH_INFO":"","REDIRECT_STATUS":"200","SERVER_NAME":"skeletal.test","SERVER_PORT":"80","SERVER_ADDR":"127.0.0.1","REMOTE_PORT":"51430","REMOTE_ADDR":"127.0.0.1","SERVER_SOFTWARE":"nginx\/1.21.6","GATEWAY_INTERFACE":"CGI\/1.1","SERVER_PROTOCOL":"HTTP\/1.1","DOCUMENT_ROOT":"\/Users\/ben\/repos\/skeletal\/public","DOCUMENT_URI":"\/Users\/ben\/.composer\/vendor\/laravel\/valet\/server.php","REQUEST_URI":"\/lol","SCRIPT_NAME":"\/index.php","SCRIPT_FILENAME":"\/Users\/ben\/repos\/skeletal\/public\/index.php","CONTENT_LENGTH":"","CONTENT_TYPE":"","REQUEST_METHOD":"GET","QUERY_STRING":"","FCGI_ROLE":"RESPONDER","PHP_SELF":"\/lol","REQUEST_TIME_FLOAT":1652918627.554594,"REQUEST_TIME":1652918627}
{"class":"Skeletal\\Support\\Response"}
{"class":"Skeletal\\Support\\Response"}
echo done
[]
[]
[]
[]
{"USER":"ben","HOME":"\/Users\/ben","HTTP_ACCEPT_LANGUAGE":"en-GB,en-US;q=0.9,en;q=0.8","HTTP_ACCEPT_ENCODING":"gzip, deflate","HTTP_REFERER":"http:\/\/skeletal.test\/lol","HTTP_ACCEPT":"image\/avif,image\/webp,image\/apng,image\/svg+xml,image\/*,*\/*;q=0.8","HTTP_USER_AGENT":"Mozilla\/5.0 (Macintosh; Intel Mac OS X 10_15_7) AppleWebKit\/537.36 (KHTML, like Gecko) Chrome\/100.0.4896.88 Safari\/537.36","HTTP_CONNECTION":"keep-alive","HTTP_HOST":"skeletal.test","PATH_INFO":"","REDIRECT_STATUS":"200","SERVER_NAME":"skeletal.test","SERVER_PORT":"80","SERVER_ADDR":"127.0.0.1","REMOTE_PORT":"51430","REMOTE_ADDR":"127.0.0.1","SERVER_SOFTWARE":"nginx\/1.21.6","GATEWAY_INTERFACE":"CGI\/1.1","SERVER_PROTOCOL":"HTTP\/1.1","DOCUMENT_ROOT":"\/Users\/ben\/repos\/skeletal\/public","DOCUMENT_URI":"\/Users\/ben\/.composer\/vendor\/laravel\/valet\/server.php","REQUEST_URI":"\/favicon.ico","SCRIPT_NAME":"\/index.php","SCRIPT_FILENAME":"\/Users\/ben\/repos\/skeletal\/public\/index.php","CONTENT_LENGTH":"","CONTENT_TYPE":"","REQUEST_METHOD":"GET","QUERY_STRING":"","FCGI_ROLE":"RESPONDER","PHP_SELF":"\/favicon.ico","REQUEST_TIME_FLOAT":1652918627.689638,"REQUEST_TIME":1652918627}
{"class":"Skeletal\\Support\\Response"}
{"class":"Skeletal\\Support\\Response"}
echo done
[]
[]
[]
[]
{"USER":"ben","HOME":"\/Users\/ben","HTTP_ACCEPT_LANGUAGE":"en-GB,en-US;q=0.9,en;q=0.8","HTTP_ACCEPT_ENCODING":"gzip, deflate","HTTP_ACCEPT":"text\/html,application\/xhtml+xml,application\/xml;q=0.9,image\/avif,image\/webp,image\/apng,*\/*;q=0.8,application\/signed-exchange;v=b3;q=0.9","HTTP_USER_AGENT":"Mozilla\/5.0 (Macintosh; Intel Mac OS X 10_15_7) AppleWebKit\/537.36 (KHTML, like Gecko) Chrome\/100.0.4896.88 Safari\/537.36","HTTP_UPGRADE_INSECURE_REQUESTS":"1","HTTP_CONNECTION":"keep-alive","HTTP_HOST":"skeletal.test","PATH_INFO":"","REDIRECT_STATUS":"200","SERVER_NAME":"skeletal.test","SERVER_PORT":"80","SERVER_ADDR":"127.0.0.1","REMOTE_PORT":"51698","REMOTE_ADDR":"127.0.0.1","SERVER_SOFTWARE":"nginx\/1.21.6","GATEWAY_INTERFACE":"CGI\/1.1","SERVER_PROTOCOL":"HTTP\/1.1","DOCUMENT_ROOT":"\/Users\/ben\/repos\/skeletal\/public","DOCUMENT_URI":"\/Users\/ben\/.composer\/vendor\/laravel\/valet\/server.php","REQUEST_URI":"\/lol","SCRIPT_NAME":"\/index.php","SCRIPT_FILENAME":"\/Users\/ben\/repos\/skeletal\/public\/index.php","CONTENT_LENGTH":"","CONTENT_TYPE":"","REQUEST_METHOD":"GET","QUERY_STRING":"","FCGI_ROLE":"RESPONDER","PHP_SELF":"\/lol","REQUEST_TIME_FLOAT":1652918691.455751,"REQUEST_TIME":1652918691}
{"class":"Skeletal\\Support\\Response"}
{"class":"Skeletal\\Support\\Response"}
echo done
[]
[]
[]
[]
{"USER":"ben","HOME":"\/Users\/ben","HTTP_CONNECTION":"keep-alive","HTTP_ACCEPT_ENCODING":"gzip, deflate, br","HTTP_HOST":"skeletal.test","HTTP_POSTMAN_TOKEN":"08aef6da-d23c-4af5-abc6-0572d6ac4157","HTTP_ACCEPT":"*\/*","HTTP_USER_AGENT":"PostmanRuntime\/7.29.0","PATH_INFO":"","REDIRECT_STATUS":"200","SERVER_NAME":"skeletal.test","SERVER_PORT":"80","SERVER_ADDR":"127.0.0.1","REMOTE_PORT":"55049","REMOTE_ADDR":"127.0.0.1","SERVER_SOFTWARE":"nginx\/1.21.6","GATEWAY_INTERFACE":"CGI\/1.1","SERVER_PROTOCOL":"HTTP\/1.1","DOCUMENT_ROOT":"\/Users\/ben\/repos\/skeletal\/public","DOCUMENT_URI":"\/Users\/ben\/.composer\/vendor\/laravel\/valet\/server.php","REQUEST_URI":"\/","SCRIPT_NAME":"\/index.php","SCRIPT_FILENAME":"\/Users\/ben\/repos\/skeletal\/public\/index.php","CONTENT_LENGTH":"","CONTENT_TYPE":"","REQUEST_METHOD":"GET","QUERY_STRING":"","FCGI_ROLE":"RESPONDER","PHP_SELF":"\/","REQUEST_TIME_FLOAT":1652919522.394781,"REQUEST_TIME":1652919522}
{"class":"Skeletal\\Support\\Response"}
{"class":"Skeletal\\Support\\Response"}
echo done
[]
[]
[]
[]
{"USER":"ben","HOME":"\/Users\/ben","HTTP_CONNECTION":"keep-alive","HTTP_ACCEPT_ENCODING":"gzip, deflate, br","HTTP_HOST":"skeletal.test","HTTP_POSTMAN_TOKEN":"c0f63359-a2a9-4e67-9889-94e42201e7d7","HTTP_ACCEPT":"*\/*","HTTP_USER_AGENT":"PostmanRuntime\/7.29.0","PATH_INFO":"","REDIRECT_STATUS":"200","SERVER_NAME":"skeletal.test","SERVER_PORT":"80","SERVER_ADDR":"127.0.0.1","REMOTE_PORT":"57167","REMOTE_ADDR":"127.0.0.1","SERVER_SOFTWARE":"nginx\/1.21.6","GATEWAY_INTERFACE":"CGI\/1.1","SERVER_PROTOCOL":"HTTP\/1.1","DOCUMENT_ROOT":"\/Users\/ben\/repos\/skeletal\/public","DOCUMENT_URI":"\/Users\/ben\/.composer\/vendor\/laravel\/valet\/server.php","REQUEST_URI":"\/","SCRIPT_NAME":"\/index.php","SCRIPT_FILENAME":"\/Users\/ben\/repos\/skeletal\/public\/index.php","CONTENT_LENGTH":"","CONTENT_TYPE":"","REQUEST_METHOD":"GET","QUERY_STRING":"","FCGI_ROLE":"RESPONDER","PHP_SELF":"\/","REQUEST_TIME_FLOAT":1652920044.658327,"REQUEST_TIME":1652920044}
{"class":"Skeletal\\Support\\Response"}
{"class":"Skeletal\\Support\\Response"}
echo done
[]
[]
[]
[]
{"USER":"ben","HOME":"\/Users\/ben","HTTP_CONNECTION":"keep-alive","HTTP_ACCEPT_ENCODING":"gzip, deflate, br","HTTP_HOST":"skeletal.test","HTTP_POSTMAN_TOKEN":"b009cd84-b7c4-4c99-a78a-75c2129fad25","HTTP_ACCEPT":"*\/*","HTTP_USER_AGENT":"PostmanRuntime\/7.29.0","PATH_INFO":"","REDIRECT_STATUS":"200","SERVER_NAME":"skeletal.test","SERVER_PORT":"80","SERVER_ADDR":"127.0.0.1","REMOTE_PORT":"59157","REMOTE_ADDR":"127.0.0.1","SERVER_SOFTWARE":"nginx\/1.21.6","GATEWAY_INTERFACE":"CGI\/1.1","SERVER_PROTOCOL":"HTTP\/1.1","DOCUMENT_ROOT":"\/Users\/ben\/repos\/skeletal\/public","DOCUMENT_URI":"\/Users\/ben\/.composer\/vendor\/laravel\/valet\/server.php","REQUEST_URI":"\/","SCRIPT_NAME":"\/index.php","SCRIPT_FILENAME":"\/Users\/ben\/repos\/skeletal\/public\/index.php","CONTENT_LENGTH":"","CONTENT_TYPE":"","REQUEST_METHOD":"GET","QUERY_STRING":"","FCGI_ROLE":"RESPONDER","PHP_SELF":"\/","REQUEST_TIME_FLOAT":1652920538.377365,"REQUEST_TIME":1652920538}
{"class":"Skeletal\\Support\\Response"}
{"class":"Skeletal\\Support\\Response"}
[]
[]
[]
[]
{"USER":"ben","HOME":"\/Users\/ben","HTTP_CONNECTION":"keep-alive","HTTP_ACCEPT_ENCODING":"gzip, deflate, br","HTTP_HOST":"skeletal.test","HTTP_POSTMAN_TOKEN":"0ccb57b3-0ec8-486d-bf3d-c1b17b4e92a6","HTTP_ACCEPT":"*\/*","HTTP_USER_AGENT":"PostmanRuntime\/7.29.0","PATH_INFO":"","REDIRECT_STATUS":"200","SERVER_NAME":"skeletal.test","SERVER_PORT":"80","SERVER_ADDR":"127.0.0.1","REMOTE_PORT":"59897","REMOTE_ADDR":"127.0.0.1","SERVER_SOFTWARE":"nginx\/1.21.6","GATEWAY_INTERFACE":"CGI\/1.1","SERVER_PROTOCOL":"HTTP\/1.1","DOCUMENT_ROOT":"\/Users\/ben\/repos\/skeletal\/public","DOCUMENT_URI":"\/Users\/ben\/.composer\/vendor\/laravel\/valet\/server.php","REQUEST_URI":"\/","SCRIPT_NAME":"\/index.php","SCRIPT_FILENAME":"\/Users\/ben\/repos\/skeletal\/public\/index.php","CONTENT_LENGTH":"","CONTENT_TYPE":"","REQUEST_METHOD":"GET","QUERY_STRING":"","FCGI_ROLE":"RESPONDER","PHP_SELF":"\/","REQUEST_TIME_FLOAT":1652920722.999623,"REQUEST_TIME":1652920722}
Error: Class "Response" not found in /Users/ben/repos/skeletal/src/Skeletal.php:54
Stack trace:
#0 /Users/ben/repos/skeletal/public/index.php(14): Skeletal->handleRequest(Object(Closure))
#1 /Users/ben/.composer/vendor/laravel/valet/server.php(234): require('/Users/ben/repo...')
#2 {main}
[]
[]
[]
[]
{"USER":"ben","HOME":"\/Users\/ben","HTTP_CONNECTION":"keep-alive","HTTP_ACCEPT_ENCODING":"gzip, deflate, br","HTTP_HOST":"skeletal.test","HTTP_POSTMAN_TOKEN":"61cb7a19-d9b0-48fb-9ab3-4f3e87b8f352","HTTP_ACCEPT":"*\/*","HTTP_USER_AGENT":"PostmanRuntime\/7.29.0","PATH_INFO":"","REDIRECT_STATUS":"200","SERVER_NAME":"skeletal.test","SERVER_PORT":"80","SERVER_ADDR":"127.0.0.1","REMOTE_PORT":"59897","REMOTE_ADDR":"127.0.0.1","SERVER_SOFTWARE":"nginx\/1.21.6","GATEWAY_INTERFACE":"CGI\/1.1","SERVER_PROTOCOL":"HTTP\/1.1","DOCUMENT_ROOT":"\/Users\/ben\/repos\/skeletal\/public","DOCUMENT_URI":"\/Users\/ben\/.composer\/vendor\/laravel\/valet\/server.php","REQUEST_URI":"\/","SCRIPT_NAME":"\/index.php","SCRIPT_FILENAME":"\/Users\/ben\/repos\/skeletal\/public\/index.php","CONTENT_LENGTH":"","CONTENT_TYPE":"","REQUEST_METHOD":"GET","QUERY_STRING":"","FCGI_ROLE":"RESPONDER","PHP_SELF":"\/","REQUEST_TIME_FLOAT":1652920770.715273,"REQUEST_TIME":1652920770}
Error: Class "Skeletal\Http\Response" not found in /Users/ben/repos/skeletal/src/Skeletal.php:56
Stack trace:
#0 /Users/ben/repos/skeletal/public/index.php(14): Skeletal->handleRequest(Object(Closure))
#1 /Users/ben/.composer/vendor/laravel/valet/server.php(234): require('/Users/ben/repo...')
#2 {main}
[]
[]
[]
[]
{"USER":"ben","HOME":"\/Users\/ben","HTTP_CONNECTION":"keep-alive","HTTP_ACCEPT_ENCODING":"gzip, deflate, br","HTTP_HOST":"skeletal.test","HTTP_POSTMAN_TOKEN":"6b1abf8c-4369-49d2-ad93-cf0a82aa2ab1","HTTP_ACCEPT":"*\/*","HTTP_USER_AGENT":"PostmanRuntime\/7.29.0","PATH_INFO":"","REDIRECT_STATUS":"200","SERVER_NAME":"skeletal.test","SERVER_PORT":"80","SERVER_ADDR":"127.0.0.1","REMOTE_PORT":"59897","REMOTE_ADDR":"127.0.0.1","SERVER_SOFTWARE":"nginx\/1.21.6","GATEWAY_INTERFACE":"CGI\/1.1","SERVER_PROTOCOL":"HTTP\/1.1","DOCUMENT_ROOT":"\/Users\/ben\/repos\/skeletal\/public","DOCUMENT_URI":"\/Users\/ben\/.composer\/vendor\/laravel\/valet\/server.php","REQUEST_URI":"\/","SCRIPT_NAME":"\/index.php","SCRIPT_FILENAME":"\/Users\/ben\/repos\/skeletal\/public\/index.php","CONTENT_LENGTH":"","CONTENT_TYPE":"","REQUEST_METHOD":"GET","QUERY_STRING":"","FCGI_ROLE":"RESPONDER","PHP_SELF":"\/","REQUEST_TIME_FLOAT":1652920812.860422,"REQUEST_TIME":1652920812}
[]
[]
[]
[]
{"USER":"ben","HOME":"\/Users\/ben","HTTP_CONNECTION":"keep-alive","HTTP_ACCEPT_ENCODING":"gzip, deflate, br","HTTP_HOST":"skeletal.test","HTTP_POSTMAN_TOKEN":"dcf397fb-c6d9-40e0-8364-e32cf0e13188","HTTP_ACCEPT":"*\/*","HTTP_USER_AGENT":"PostmanRuntime\/7.29.0","PATH_INFO":"","REDIRECT_STATUS":"200","SERVER_NAME":"skeletal.test","SERVER_PORT":"80","SERVER_ADDR":"127.0.0.1","REMOTE_PORT":"59897","REMOTE_ADDR":"127.0.0.1","SERVER_SOFTWARE":"nginx\/1.21.6","GATEWAY_INTERFACE":"CGI\/1.1","SERVER_PROTOCOL":"HTTP\/1.1","DOCUMENT_ROOT":"\/Users\/ben\/repos\/skeletal\/public","DOCUMENT_URI":"\/Users\/ben\/.composer\/vendor\/laravel\/valet\/server.php","REQUEST_URI":"\/","SCRIPT_NAME":"\/index.php","SCRIPT_FILENAME":"\/Users\/ben\/repos\/skeletal\/public\/index.php","CONTENT_LENGTH":"","CONTENT_TYPE":"","REQUEST_METHOD":"GET","QUERY_STRING":"","FCGI_ROLE":"RESPONDER","PHP_SELF":"\/","REQUEST_TIME_FLOAT":1652920814.790451,"REQUEST_TIME":1652920814}
[]
[]
[]
[]
{"USER":"ben","HOME":"\/Users\/ben","HTTP_CONNECTION":"keep-alive","HTTP_ACCEPT_ENCODING":"gzip, deflate, br","HTTP_HOST":"skeletal.test","HTTP_POSTMAN_TOKEN":"df56870a-95be-4794-81e3-c5a169180e2e","HTTP_ACCEPT":"*\/*","HTTP_USER_AGENT":"PostmanRuntime\/7.29.0","PATH_INFO":"","REDIRECT_STATUS":"200","SERVER_NAME":"skeletal.test","SERVER_PORT":"80","SERVER_ADDR":"127.0.0.1","REMOTE_PORT":"59897","REMOTE_ADDR":"127.0.0.1","SERVER_SOFTWARE":"nginx\/1.21.6","GATEWAY_INTERFACE":"CGI\/1.1","SERVER_PROTOCOL":"HTTP\/1.1","DOCUMENT_ROOT":"\/Users\/ben\/repos\/skeletal\/public","DOCUMENT_URI":"\/Users\/ben\/.composer\/vendor\/laravel\/valet\/server.php","REQUEST_URI":"\/","SCRIPT_NAME":"\/index.php","SCRIPT_FILENAME":"\/Users\/ben\/repos\/skeletal\/public\/index.php","CONTENT_LENGTH":"","CONTENT_TYPE":"","REQUEST_METHOD":"GET","QUERY_STRING":"","FCGI_ROLE":"RESPONDER","PHP_SELF":"\/","REQUEST_TIME_FLOAT":1652920815.631082,"REQUEST_TIME":1652920815}
[]
[]
[]
[]
{"USER":"ben","HOME":"\/Users\/ben","HTTP_CONNECTION":"keep-alive","HTTP_ACCEPT_ENCODING":"gzip, deflate, br","HTTP_HOST":"skeletal.test","HTTP_POSTMAN_TOKEN":"0d39abde-450c-431d-b154-02f42c8f26e5","HTTP_ACCEPT":"*\/*","HTTP_USER_AGENT":"PostmanRuntime\/7.29.0","PATH_INFO":"","REDIRECT_STATUS":"200","SERVER_NAME":"skeletal.test","SERVER_PORT":"80","SERVER_ADDR":"127.0.0.1","REMOTE_PORT":"59897","REMOTE_ADDR":"127.0.0.1","SERVER_SOFTWARE":"nginx\/1.21.6","GATEWAY_INTERFACE":"CGI\/1.1","SERVER_PROTOCOL":"HTTP\/1.1","DOCUMENT_ROOT":"\/Users\/ben\/repos\/skeletal\/public","DOCUMENT_URI":"\/Users\/ben\/.composer\/vendor\/laravel\/valet\/server.php","REQUEST_URI":"\/","SCRIPT_NAME":"\/index.php","SCRIPT_FILENAME":"\/Users\/ben\/repos\/skeletal\/public\/index.php","CONTENT_LENGTH":"","CONTENT_TYPE":"","REQUEST_METHOD":"GET","QUERY_STRING":"","FCGI_ROLE":"RESPONDER","PHP_SELF":"\/","REQUEST_TIME_FLOAT":1652920816.576434,"REQUEST_TIME":1652920816}
[]
[]
[]
[]
{"USER":"ben","HOME":"\/Users\/ben","HTTP_CONNECTION":"keep-alive","HTTP_ACCEPT_ENCODING":"gzip, deflate, br","HTTP_HOST":"skeletal.test","HTTP_POSTMAN_TOKEN":"0f920aac-d4f3-4805-9833-10c01d12e8be","HTTP_ACCEPT":"*\/*","HTTP_USER_AGENT":"PostmanRuntime\/7.29.0","PATH_INFO":"","REDIRECT_STATUS":"200","SERVER_NAME":"skeletal.test","SERVER_PORT":"80","SERVER_ADDR":"127.0.0.1","REMOTE_PORT":"59897","REMOTE_ADDR":"127.0.0.1","SERVER_SOFTWARE":"nginx\/1.21.6","GATEWAY_INTERFACE":"CGI\/1.1","SERVER_PROTOCOL":"HTTP\/1.1","DOCUMENT_ROOT":"\/Users\/ben\/repos\/skeletal\/public","DOCUMENT_URI":"\/Users\/ben\/.composer\/vendor\/laravel\/valet\/server.php","REQUEST_URI":"\/","SCRIPT_NAME":"\/index.php","SCRIPT_FILENAME":"\/Users\/ben\/repos\/skeletal\/public\/index.php","CONTENT_LENGTH":"","CONTENT_TYPE":"","REQUEST_METHOD":"GET","QUERY_STRING":"","FCGI_ROLE":"RESPONDER","PHP_SELF":"\/","REQUEST_TIME_FLOAT":1652920817.54245,"REQUEST_TIME":1652920817}
[]
[]
[]
[]
{"USER":"ben","HOME":"\/Users\/ben","HTTP_CONNECTION":"keep-alive","HTTP_ACCEPT_ENCODING":"gzip, deflate, br","HTTP_HOST":"skeletal.test","HTTP_POSTMAN_TOKEN":"90c8780a-4075-4826-8038-a4b0b492f202","HTTP_ACCEPT":"*\/*","HTTP_USER_AGENT":"PostmanRuntime\/7.29.0","PATH_INFO":"","REDIRECT_STATUS":"200","SERVER_NAME":"skeletal.test","SERVER_PORT":"80","SERVER_ADDR":"127.0.0.1","REMOTE_PORT":"59897","REMOTE_ADDR":"127.0.0.1","SERVER_SOFTWARE":"nginx\/1.21.6","GATEWAY_INTERFACE":"CGI\/1.1","SERVER_PROTOCOL":"HTTP\/1.1","DOCUMENT_ROOT":"\/Users\/ben\/repos\/skeletal\/public","DOCUMENT_URI":"\/Users\/ben\/.composer\/vendor\/laravel\/valet\/server.php","REQUEST_URI":"\/","SCRIPT_NAME":"\/index.php","SCRIPT_FILENAME":"\/Users\/ben\/repos\/skeletal\/public\/index.php","CONTENT_LENGTH":"","CONTENT_TYPE":"","REQUEST_METHOD":"GET","QUERY_STRING":"","FCGI_ROLE":"RESPONDER","PHP_SELF":"\/","REQUEST_TIME_FLOAT":1652920818.390654,"REQUEST_TIME":1652920818}
